#! /usr/local/Cellar/icarus-verilog/11.0/bin/vvp
:ivl_version "11.0 (stable)";
:ivl_delay_selection "TYPICAL";
:vpi_time_precision + 0;
:vpi_module "/usr/local/Cellar/icarus-verilog/11.0/lib/ivl/system.vpi";
:vpi_module "/usr/local/Cellar/icarus-verilog/11.0/lib/ivl/vhdl_sys.vpi";
:vpi_module "/usr/local/Cellar/icarus-verilog/11.0/lib/ivl/vhdl_textio.vpi";
:vpi_module "/usr/local/Cellar/icarus-verilog/11.0/lib/ivl/v2005_math.vpi";
:vpi_module "/usr/local/Cellar/icarus-verilog/11.0/lib/ivl/va_math.vpi";
S_0x7f87b0e04940 .scope module, "decoder" "decoder" 2 7;
 .timescale 0 0;
    .port_info 0 /INPUT 1 "clk";
    .port_info 1 /INPUT 32 "insn";
    .port_info 2 /INPUT 32 "pc";
    .port_info 3 /OUTPUT 5 "rs1";
    .port_info 4 /OUTPUT 5 "rs2";
    .port_info 5 /OUTPUT 5 "rd";
    .port_info 6 /OUTPUT 4 "alu_code";
    .port_info 7 /OUTPUT 32 "pc_de";
    .port_info 8 /OUTPUT 32 "imm";
    .port_info 9 /OUTPUT 1 "ex_use_imm";
    .port_info 10 /OUTPUT 5 "rs1_reg";
    .port_info 11 /OUTPUT 5 "rs2_reg";
    .port_info 12 /OUTPUT 4 "insn_type";
    .port_info 13 /OUTPUT 4 "insn_sub_type";
v0x7f87b0e04c00_0 .net *"_ivl_11", 24 0, L_0x7f87b20133f0;  1 drivers
v0x7f87b2010a80_0 .net *"_ivl_15", 19 0, L_0x7f87b2013590;  1 drivers
L_0x7f87b0d63008 .functor BUFT 1, C4<000000000000>, C4<0>, C4<0>, C4<0>;
v0x7f87b2010b40_0 .net/2u *"_ivl_16", 11 0, L_0x7f87b0d63008;  1 drivers
v0x7f87b2010c00_0 .net *"_ivl_21", 0 0, L_0x7f87b2013800;  1 drivers
v0x7f87b2010cb0_0 .net *"_ivl_22", 20 0, L_0x7f87b20139a0;  1 drivers
v0x7f87b2010da0_0 .net *"_ivl_25", 10 0, L_0x7f87b2013b50;  1 drivers
v0x7f87b2010e50_0 .net *"_ivl_29", 0 0, L_0x7f87b2013f00;  1 drivers
v0x7f87b2010f00_0 .net *"_ivl_30", 20 0, L_0x7f87b2013fa0;  1 drivers
v0x7f87b2010fb0_0 .net *"_ivl_33", 5 0, L_0x7f87b2014170;  1 drivers
v0x7f87b20110c0_0 .net *"_ivl_35", 3 0, L_0x7f87b2014470;  1 drivers
v0x7f87b2011170_0 .net *"_ivl_37", 0 0, L_0x7f87b20145a0;  1 drivers
v0x7f87b2011220_0 .net *"_ivl_41", 0 0, L_0x7f87b2014780;  1 drivers
v0x7f87b20112d0_0 .net *"_ivl_42", 19 0, L_0x7f87b2014820;  1 drivers
v0x7f87b2011380_0 .net *"_ivl_45", 0 0, L_0x7f87b20146e0;  1 drivers
v0x7f87b2011430_0 .net *"_ivl_47", 5 0, L_0x7f87b2014c70;  1 drivers
v0x7f87b20114e0_0 .net *"_ivl_49", 3 0, L_0x7f87b20138a0;  1 drivers
L_0x7f87b0d63050 .functor BUFT 1, C4<0>, C4<0>, C4<0>, C4<0>;
v0x7f87b2011590_0 .net/2u *"_ivl_50", 0 0, L_0x7f87b0d63050;  1 drivers
v0x7f87b2011720_0 .net *"_ivl_55", 0 0, L_0x7f87b2015030;  1 drivers
v0x7f87b20117b0_0 .net *"_ivl_56", 11 0, L_0x7f87b20150d0;  1 drivers
v0x7f87b2011860_0 .net *"_ivl_59", 7 0, L_0x7f87b20153a0;  1 drivers
v0x7f87b2011910_0 .net *"_ivl_61", 0 0, L_0x7f87b20151e0;  1 drivers
v0x7f87b20119c0_0 .net *"_ivl_63", 5 0, L_0x7f87b2015530;  1 drivers
v0x7f87b2011a70_0 .net *"_ivl_65", 3 0, L_0x7f87b2014970;  1 drivers
L_0x7f87b0d63098 .functor BUFT 1, C4<0>, C4<0>, C4<0>, C4<0>;
v0x7f87b2011b20_0 .net/2u *"_ivl_66", 0 0, L_0x7f87b0d63098;  1 drivers
L_0x7f87b0d630e0 .functor BUFT 1, C4<000000000000000000000000000>, C4<0>, C4<0>, C4<0>;
v0x7f87b2011bd0_0 .net/2u *"_ivl_70", 26 0, L_0x7f87b0d630e0;  1 drivers
v0x7f87b2011c80_0 .net *"_ivl_73", 4 0, L_0x7f87b2015850;  1 drivers
v0x7f87b2011d30_0 .var "alu_code", 3 0;
v0x7f87b2011de0_0 .net "b_imm", 31 0, L_0x7f87b2014f10;  1 drivers
o0x7f87b0d32548 .functor BUFZ 1, C4<z>; HiZ drive
v0x7f87b2011e90_0 .net "clk", 0 0, o0x7f87b0d32548;  0 drivers
v0x7f87b2011f30_0 .net "ecall_ebreak_field", 0 0, L_0x7f87b2013490;  1 drivers
v0x7f87b2011fd0_0 .var "ex_use_imm", 0 0;
v0x7f87b2012070_0 .net "funct3", 2 0, L_0x7f87b2013090;  1 drivers
v0x7f87b2012120_0 .net "funct7", 6 0, L_0x7f87b2013130;  1 drivers
v0x7f87b2011640_0 .net "i_imm", 31 0, L_0x7f87b2013df0;  1 drivers
v0x7f87b20123b0_0 .var "imm", 31 0;
o0x7f87b0d32698 .functor BUFZ 32, C4<zzzzzzzzzzzzzzzzzzzzzzzzzzzzzzzz>; HiZ drive
v0x7f87b2012440_0 .net "insn", 31 0, o0x7f87b0d32698;  0 drivers
v0x7f87b20124e0_0 .var "insn_sub_type", 3 0;
v0x7f87b2012590_0 .var "insn_type", 3 0;
v0x7f87b2012640_0 .net "j_imm", 31 0, L_0x7f87b2015440;  1 drivers
v0x7f87b20126f0_0 .net "opcode", 6 0, L_0x7f87b2012fd0;  1 drivers
o0x7f87b0d32788 .functor BUFZ 32, C4<zzzzzzzzzzzzzzzzzzzzzzzzzzzzzzzz>; HiZ drive
v0x7f87b20127a0_0 .net "pc", 31 0, o0x7f87b0d32788;  0 drivers
v0x7f87b2012850_0 .var "pc_de", 31 0;
v0x7f87b2012900_0 .var "rd", 4 0;
v0x7f87b20129b0_0 .net "rs1", 4 0, L_0x7f87b20131f0;  1 drivers
v0x7f87b2012a60_0 .var "rs1_reg", 4 0;
v0x7f87b2012b10_0 .net "rs2", 4 0, L_0x7f87b2013330;  1 drivers
v0x7f87b2012bc0_0 .var "rs2_reg", 4 0;
v0x7f87b2012c70_0 .net "s_imm", 31 0, L_0x7f87b2014640;  1 drivers
v0x7f87b2012d20_0 .net "shamt", 31 0, L_0x7f87b20155d0;  1 drivers
v0x7f87b2012dd0_0 .net "u_imm", 31 0, L_0x7f87b2013650;  1 drivers
E_0x7f87b0e048e0 .event posedge, v0x7f87b2011e90_0;
L_0x7f87b2012fd0 .part o0x7f87b0d32698, 0, 7;
L_0x7f87b2013090 .part o0x7f87b0d32698, 12, 3;
L_0x7f87b2013130 .part o0x7f87b0d32698, 25, 7;
L_0x7f87b20131f0 .part o0x7f87b0d32698, 15, 5;
L_0x7f87b2013330 .part o0x7f87b0d32698, 20, 5;
L_0x7f87b20133f0 .part o0x7f87b0d32698, 7, 25;
L_0x7f87b2013490 .part L_0x7f87b20133f0, 0, 1;
L_0x7f87b2013590 .part o0x7f87b0d32698, 12, 20;
L_0x7f87b2013650 .concat [ 12 20 0 0], L_0x7f87b0d63008, L_0x7f87b2013590;
L_0x7f87b2013800 .part o0x7f87b0d32698, 31, 1;
LS_0x7f87b20139a0_0_0 .concat [ 1 1 1 1], L_0x7f87b2013800, L_0x7f87b2013800, L_0x7f87b2013800, L_0x7f87b2013800;
LS_0x7f87b20139a0_0_4 .concat [ 1 1 1 1], L_0x7f87b2013800, L_0x7f87b2013800, L_0x7f87b2013800, L_0x7f87b2013800;
LS_0x7f87b20139a0_0_8 .concat [ 1 1 1 1], L_0x7f87b2013800, L_0x7f87b2013800, L_0x7f87b2013800, L_0x7f87b2013800;
LS_0x7f87b20139a0_0_12 .concat [ 1 1 1 1], L_0x7f87b2013800, L_0x7f87b2013800, L_0x7f87b2013800, L_0x7f87b2013800;
LS_0x7f87b20139a0_0_16 .concat [ 1 1 1 1], L_0x7f87b2013800, L_0x7f87b2013800, L_0x7f87b2013800, L_0x7f87b2013800;
LS_0x7f87b20139a0_0_20 .concat [ 1 0 0 0], L_0x7f87b2013800;
LS_0x7f87b20139a0_1_0 .concat [ 4 4 4 4], LS_0x7f87b20139a0_0_0, LS_0x7f87b20139a0_0_4, LS_0x7f87b20139a0_0_8, LS_0x7f87b20139a0_0_12;
LS_0x7f87b20139a0_1_4 .concat [ 4 1 0 0], LS_0x7f87b20139a0_0_16, LS_0x7f87b20139a0_0_20;
L_0x7f87b20139a0 .concat [ 16 5 0 0], LS_0x7f87b20139a0_1_0, LS_0x7f87b20139a0_1_4;
L_0x7f87b2013b50 .part o0x7f87b0d32698, 20, 11;
L_0x7f87b2013df0 .concat [ 11 21 0 0], L_0x7f87b2013b50, L_0x7f87b20139a0;
L_0x7f87b2013f00 .part o0x7f87b0d32698, 31, 1;
LS_0x7f87b2013fa0_0_0 .concat [ 1 1 1 1], L_0x7f87b2013f00, L_0x7f87b2013f00, L_0x7f87b2013f00, L_0x7f87b2013f00;
LS_0x7f87b2013fa0_0_4 .concat [ 1 1 1 1], L_0x7f87b2013f00, L_0x7f87b2013f00, L_0x7f87b2013f00, L_0x7f87b2013f00;
LS_0x7f87b2013fa0_0_8 .concat [ 1 1 1 1], L_0x7f87b2013f00, L_0x7f87b2013f00, L_0x7f87b2013f00, L_0x7f87b2013f00;
LS_0x7f87b2013fa0_0_12 .concat [ 1 1 1 1], L_0x7f87b2013f00, L_0x7f87b2013f00, L_0x7f87b2013f00, L_0x7f87b2013f00;
LS_0x7f87b2013fa0_0_16 .concat [ 1 1 1 1], L_0x7f87b2013f00, L_0x7f87b2013f00, L_0x7f87b2013f00, L_0x7f87b2013f00;
LS_0x7f87b2013fa0_0_20 .concat [ 1 0 0 0], L_0x7f87b2013f00;
LS_0x7f87b2013fa0_1_0 .concat [ 4 4 4 4], LS_0x7f87b2013fa0_0_0, LS_0x7f87b2013fa0_0_4, LS_0x7f87b2013fa0_0_8, LS_0x7f87b2013fa0_0_12;
LS_0x7f87b2013fa0_1_4 .concat [ 4 1 0 0], LS_0x7f87b2013fa0_0_16, LS_0x7f87b2013fa0_0_20;
L_0x7f87b2013fa0 .concat [ 16 5 0 0], LS_0x7f87b2013fa0_1_0, LS_0x7f87b2013fa0_1_4;
L_0x7f87b2014170 .part o0x7f87b0d32698, 25, 6;
L_0x7f87b2014470 .part o0x7f87b0d32698, 8, 4;
L_0x7f87b20145a0 .part o0x7f87b0d32698, 7, 1;
L_0x7f87b2014640 .concat [ 1 4 6 21], L_0x7f87b20145a0, L_0x7f87b2014470, L_0x7f87b2014170, L_0x7f87b2013fa0;
L_0x7f87b2014780 .part o0x7f87b0d32698, 31, 1;
LS_0x7f87b2014820_0_0 .concat [ 1 1 1 1], L_0x7f87b2014780, L_0x7f87b2014780, L_0x7f87b2014780, L_0x7f87b2014780;
LS_0x7f87b2014820_0_4 .concat [ 1 1 1 1], L_0x7f87b2014780, L_0x7f87b2014780, L_0x7f87b2014780, L_0x7f87b2014780;
LS_0x7f87b2014820_0_8 .concat [ 1 1 1 1], L_0x7f87b2014780, L_0x7f87b2014780, L_0x7f87b2014780, L_0x7f87b2014780;
LS_0x7f87b2014820_0_12 .concat [ 1 1 1 1], L_0x7f87b2014780, L_0x7f87b2014780, L_0x7f87b2014780, L_0x7f87b2014780;
LS_0x7f87b2014820_0_16 .concat [ 1 1 1 1], L_0x7f87b2014780, L_0x7f87b2014780, L_0x7f87b2014780, L_0x7f87b2014780;
LS_0x7f87b2014820_1_0 .concat [ 4 4 4 4], LS_0x7f87b2014820_0_0, LS_0x7f87b2014820_0_4, LS_0x7f87b2014820_0_8, LS_0x7f87b2014820_0_12;
LS_0x7f87b2014820_1_4 .concat [ 4 0 0 0], LS_0x7f87b2014820_0_16;
L_0x7f87b2014820 .concat [ 16 4 0 0], LS_0x7f87b2014820_1_0, LS_0x7f87b2014820_1_4;
L_0x7f87b20146e0 .part o0x7f87b0d32698, 7, 1;
L_0x7f87b2014c70 .part o0x7f87b0d32698, 25, 6;
L_0x7f87b20138a0 .part o0x7f87b0d32698, 8, 4;
LS_0x7f87b2014f10_0_0 .concat [ 1 4 6 1], L_0x7f87b0d63050, L_0x7f87b20138a0, L_0x7f87b2014c70, L_0x7f87b20146e0;
LS_0x7f87b2014f10_0_4 .concat [ 20 0 0 0], L_0x7f87b2014820;
L_0x7f87b2014f10 .concat [ 12 20 0 0], LS_0x7f87b2014f10_0_0, LS_0x7f87b2014f10_0_4;
L_0x7f87b2015030 .part o0x7f87b0d32698, 31, 1;
LS_0x7f87b20150d0_0_0 .concat [ 1 1 1 1], L_0x7f87b2015030, L_0x7f87b2015030, L_0x7f87b2015030, L_0x7f87b2015030;
LS_0x7f87b20150d0_0_4 .concat [ 1 1 1 1], L_0x7f87b2015030, L_0x7f87b2015030, L_0x7f87b2015030, L_0x7f87b2015030;
LS_0x7f87b20150d0_0_8 .concat [ 1 1 1 1], L_0x7f87b2015030, L_0x7f87b2015030, L_0x7f87b2015030, L_0x7f87b2015030;
L_0x7f87b20150d0 .concat [ 4 4 4 0], LS_0x7f87b20150d0_0_0, LS_0x7f87b20150d0_0_4, LS_0x7f87b20150d0_0_8;
L_0x7f87b20153a0 .part o0x7f87b0d32698, 12, 8;
L_0x7f87b20151e0 .part o0x7f87b0d32698, 20, 1;
L_0x7f87b2015530 .part o0x7f87b0d32698, 25, 6;
L_0x7f87b2014970 .part o0x7f87b0d32698, 21, 4;
LS_0x7f87b2015440_0_0 .concat [ 1 4 6 1], L_0x7f87b0d63098, L_0x7f87b2014970, L_0x7f87b2015530, L_0x7f87b20151e0;
LS_0x7f87b2015440_0_4 .concat [ 8 12 0 0], L_0x7f87b20153a0, L_0x7f87b20150d0;
L_0x7f87b2015440 .concat [ 12 20 0 0], LS_0x7f87b2015440_0_0, LS_0x7f87b2015440_0_4;
L_0x7f87b2015850 .part o0x7f87b0d32698, 20, 5;
L_0x7f87b20155d0 .concat [ 5 27 0 0], L_0x7f87b2015850, L_0x7f87b0d630e0;
    .scope S_0x7f87b0e04940;
T_0 ;
    %wait E_0x7f87b0e048e0;
    %load/vec4 v0x7f87b20127a0_0;
    %assign/vec4 v0x7f87b2012850_0, 0;
    %load/vec4 v0x7f87b2012440_0;
    %parti/s 5, 7, 4;
    %assign/vec4 v0x7f87b2012900_0, 0;
    %load/vec4 v0x7f87b20129b0_0;
    %assign/vec4 v0x7f87b2012a60_0, 0;
    %load/vec4 v0x7f87b2012b10_0;
    %assign/vec4 v0x7f87b2012bc0_0, 0;
    %jmp T_0;
    .thread T_0;
    .scope S_0x7f87b0e04940;
T_1 ;
    %wait E_0x7f87b0e048e0;
    %vpi_call 2 56 "$display", "%h:", v0x7f87b20127a0_0 {0 0 0};
    %load/vec4 v0x7f87b20126f0_0;
    %dup/vec4;
    %pushi/vec4 55, 0, 7;
    %cmp/u;
    %jmp/1 T_1.0, 6;
    %dup/vec4;
    %pushi/vec4 23, 0, 7;
    %cmp/u;
    %jmp/1 T_1.1, 6;
    %dup/vec4;
    %pushi/vec4 111, 0, 7;
    %cmp/u;
    %jmp/1 T_1.2, 6;
    %dup/vec4;
    %pushi/vec4 103, 0, 7;
    %cmp/u;
    %jmp/1 T_1.3, 6;
    %dup/vec4;
    %pushi/vec4 99, 0, 7;
    %cmp/u;
    %jmp/1 T_1.4, 6;
    %dup/vec4;
    %pushi/vec4 3, 0, 7;
    %cmp/u;
    %jmp/1 T_1.5, 6;
    %dup/vec4;
    %pushi/vec4 35, 0, 7;
    %cmp/u;
    %jmp/1 T_1.6, 6;
    %dup/vec4;
    %pushi/vec4 19, 0, 7;
    %cmp/u;
    %jmp/1 T_1.7, 6;
    %dup/vec4;
    %pushi/vec4 51, 0, 7;
    %cmp/u;
    %jmp/1 T_1.8, 6;
    %dup/vec4;
    %pushi/vec4 15, 0, 7;
    %cmp/u;
    %jmp/1 T_1.9, 6;
    %dup/vec4;
    %pushi/vec4 115, 0, 7;
    %cmp/u;
    %jmp/1 T_1.10, 6;
    %jmp T_1.11;
T_1.0 ;
    %vpi_call 2 60 "$display", "lui" {0 0 0};
    %load/vec4 v0x7f87b2012dd0_0;
    %assign/vec4 v0x7f87b20123b0_0, 0;
    %pushi/vec4 1, 0, 1;
    %assign/vec4 v0x7f87b2011fd0_0, 0;
    %pushi/vec4 0, 0, 4;
    %assign/vec4 v0x7f87b2012590_0, 0;
    %pushi/vec4 0, 0, 4;
    %assign/vec4 v0x7f87b20124e0_0, 0;
    %jmp T_1.11;
T_1.1 ;
    %vpi_call 2 70 "$display", "auipc" {0 0 0};
    %load/vec4 v0x7f87b2012dd0_0;
    %assign/vec4 v0x7f87b20123b0_0, 0;
    %pushi/vec4 1, 0, 1;
    %assign/vec4 v0x7f87b2011fd0_0, 0;
    %pushi/vec4 1, 0, 4;
    %assign/vec4 v0x7f87b2012590_0, 0;
    %pushi/vec4 4, 0, 4;
    %assign/vec4 v0x7f87b20124e0_0, 0;
    %jmp T_1.11;
T_1.2 ;
    %vpi_call 2 80 "$display", "jal" {0 0 0};
    %pushi/vec4 1, 0, 4;
    %assign/vec4 v0x7f87b2012590_0, 0;
    %pushi/vec4 5, 0, 4;
    %assign/vec4 v0x7f87b20124e0_0, 0;
    %jmp T_1.11;
T_1.3 ;
    %pushi/vec4 4, 0, 4;
    %assign/vec4 v0x7f87b2012590_0, 0;
    %pushi/vec4 0, 0, 4;
    %assign/vec4 v0x7f87b20124e0_0, 0;
    %pushi/vec4 1, 0, 4;
    %assign/vec4 v0x7f87b2011d30_0, 0;
    %vpi_call 2 91 "$display", "jalr" {0 0 0};
    %jmp T_1.11;
T_1.4 ;
    %pushi/vec4 1, 0, 4;
    %assign/vec4 v0x7f87b2012590_0, 0;
    %load/vec4 v0x7f87b2012070_0;
    %dup/vec4;
    %pushi/vec4 0, 0, 3;
    %cmp/u;
    %jmp/1 T_1.12, 6;
    %dup/vec4;
    %pushi/vec4 1, 0, 3;
    %cmp/u;
    %jmp/1 T_1.13, 6;
    %dup/vec4;
    %pushi/vec4 4, 0, 3;
    %cmp/u;
    %jmp/1 T_1.14, 6;
    %dup/vec4;
    %pushi/vec4 5, 0, 3;
    %cmp/u;
    %jmp/1 T_1.15, 6;
    %dup/vec4;
    %pushi/vec4 6, 0, 3;
    %cmp/u;
    %jmp/1 T_1.16, 6;
    %dup/vec4;
    %pushi/vec4 7, 0, 3;
    %cmp/u;
    %jmp/1 T_1.17, 6;
    %jmp T_1.18;
T_1.12 ;
    %pushi/vec4 0, 0, 4;
    %assign/vec4 v0x7f87b20124e0_0, 0;
    %pushi/vec4 6, 0, 4;
    %assign/vec4 v0x7f87b2011d30_0, 0;
    %vpi_call 2 102 "$display", "beq" {0 0 0};
    %jmp T_1.18;
T_1.13 ;
    %pushi/vec4 0, 0, 4;
    %assign/vec4 v0x7f87b20124e0_0, 0;
    %pushi/vec4 6, 0, 4;
    %store/vec4 v0x7f87b2011d30_0, 0, 4;
    %vpi_call 2 107 "$display", "bne" {0 0 0};
    %jmp T_1.18;
T_1.14 ;
    %pushi/vec4 2, 0, 4;
    %assign/vec4 v0x7f87b20124e0_0, 0;
    %pushi/vec4 6, 0, 4;
    %assign/vec4 v0x7f87b2011d30_0, 0;
    %vpi_call 2 112 "$display", "blt" {0 0 0};
    %jmp T_1.18;
T_1.15 ;
    %pushi/vec4 6, 0, 4;
    %assign/vec4 v0x7f87b2011d30_0, 0;
    %pushi/vec4 3, 0, 4;
    %assign/vec4 v0x7f87b20124e0_0, 0;
    %vpi_call 2 117 "$display", "bge" {0 0 0};
    %jmp T_1.18;
T_1.16 ;
    %pushi/vec4 7, 0, 4;
    %assign/vec4 v0x7f87b2011d30_0, 0;
    %pushi/vec4 2, 0, 4;
    %assign/vec4 v0x7f87b20124e0_0, 0;
    %vpi_call 2 122 "$display", "bltu" {0 0 0};
    %jmp T_1.18;
T_1.17 ;
    %pushi/vec4 7, 0, 4;
    %assign/vec4 v0x7f87b2011d30_0, 0;
    %pushi/vec4 3, 0, 4;
    %assign/vec4 v0x7f87b20124e0_0, 0;
    %vpi_call 2 127 "$display", "bgeu" {0 0 0};
    %jmp T_1.18;
T_1.18 ;
    %pop/vec4 1;
    %jmp T_1.11;
T_1.5 ;
    %pushi/vec4 2, 0, 4;
    %store/vec4 v0x7f87b2012590_0, 0, 4;
    %load/vec4 v0x7f87b2012070_0;
    %dup/vec4;
    %pushi/vec4 0, 0, 3;
    %cmp/u;
    %jmp/1 T_1.19, 6;
    %dup/vec4;
    %pushi/vec4 1, 0, 3;
    %cmp/u;
    %jmp/1 T_1.20, 6;
    %dup/vec4;
    %pushi/vec4 2, 0, 3;
    %cmp/u;
    %jmp/1 T_1.21, 6;
    %dup/vec4;
    %pushi/vec4 4, 0, 3;
    %cmp/u;
    %jmp/1 T_1.22, 6;
    %dup/vec4;
    %pushi/vec4 5, 0, 3;
    %cmp/u;
    %jmp/1 T_1.23, 6;
    %jmp T_1.24;
T_1.19 ;
    %vpi_call 2 138 "$display", "lb" {0 0 0};
    %pushi/vec4 0, 0, 4;
    %assign/vec4 v0x7f87b20124e0_0, 0;
    %jmp T_1.24;
T_1.20 ;
    %vpi_call 2 142 "$display", "lh" {0 0 0};
    %pushi/vec4 2, 0, 4;
    %assign/vec4 v0x7f87b20124e0_0, 0;
    %jmp T_1.24;
T_1.21 ;
    %vpi_call 2 146 "$display", "lw" {0 0 0};
    %pushi/vec4 4, 0, 4;
    %assign/vec4 v0x7f87b20124e0_0, 0;
    %jmp T_1.24;
T_1.22 ;
    %vpi_call 2 150 "$display", "lbu" {0 0 0};
    %pushi/vec4 1, 0, 4;
    %assign/vec4 v0x7f87b20124e0_0, 0;
    %jmp T_1.24;
T_1.23 ;
    %vpi_call 2 154 "$display", "lhu" {0 0 0};
    %pushi/vec4 3, 0, 4;
    %assign/vec4 v0x7f87b20124e0_0, 0;
    %jmp T_1.24;
T_1.24 ;
    %pop/vec4 1;
    %jmp T_1.11;
T_1.6 ;
    %pushi/vec4 3, 0, 4;
    %assign/vec4 v0x7f87b2012590_0, 0;
    %load/vec4 v0x7f87b2012070_0;
    %dup/vec4;
    %pushi/vec4 0, 0, 3;
    %cmp/u;
    %jmp/1 T_1.25, 6;
    %dup/vec4;
    %pushi/vec4 1, 0, 3;
    %cmp/u;
    %jmp/1 T_1.26, 6;
    %dup/vec4;
    %pushi/vec4 2, 0, 3;
    %cmp/u;
    %jmp/1 T_1.27, 6;
    %jmp T_1.28;
T_1.25 ;
    %vpi_call 2 166 "$display", "sb" {0 0 0};
    %pushi/vec4 0, 0, 4;
    %assign/vec4 v0x7f87b20124e0_0, 0;
    %jmp T_1.28;
T_1.26 ;
    %vpi_call 2 170 "$display", "sh" {0 0 0};
    %pushi/vec4 1, 0, 4;
    %assign/vec4 v0x7f87b20124e0_0, 0;
    %jmp T_1.28;
T_1.27 ;
    %vpi_call 2 174 "$display", "sw" {0 0 0};
    %pushi/vec4 2, 0, 4;
    %assign/vec4 v0x7f87b20124e0_0, 0;
    %jmp T_1.28;
T_1.28 ;
    %pop/vec4 1;
    %jmp T_1.11;
T_1.7 ;
    %pushi/vec4 1, 0, 1;
    %assign/vec4 v0x7f87b2011fd0_0, 0;
    %pushi/vec4 0, 0, 4;
    %assign/vec4 v0x7f87b2012590_0, 0;
    %load/vec4 v0x7f87b2012070_0;
    %dup/vec4;
    %pushi/vec4 0, 0, 3;
    %cmp/u;
    %jmp/1 T_1.29, 6;
    %dup/vec4;
    %pushi/vec4 2, 0, 3;
    %cmp/u;
    %jmp/1 T_1.30, 6;
    %dup/vec4;
    %pushi/vec4 3, 0, 3;
    %cmp/u;
    %jmp/1 T_1.31, 6;
    %dup/vec4;
    %pushi/vec4 4, 0, 3;
    %cmp/u;
    %jmp/1 T_1.32, 6;
    %dup/vec4;
    %pushi/vec4 6, 0, 3;
    %cmp/u;
    %jmp/1 T_1.33, 6;
    %dup/vec4;
    %pushi/vec4 7, 0, 3;
    %cmp/u;
    %jmp/1 T_1.34, 6;
    %dup/vec4;
    %pushi/vec4 1, 0, 3;
    %cmp/u;
    %jmp/1 T_1.35, 6;
    %dup/vec4;
    %pushi/vec4 5, 0, 3;
    %cmp/u;
    %jmp/1 T_1.36, 6;
    %jmp T_1.37;
T_1.29 ;
    %vpi_call 2 187 "$display", "addi" {0 0 0};
    %pushi/vec4 1, 0, 4;
    %assign/vec4 v0x7f87b2011d30_0, 0;
    %load/vec4 v0x7f87b2011640_0;
    %assign/vec4 v0x7f87b20123b0_0, 0;
    %pushi/vec4 2, 0, 4;
    %assign/vec4 v0x7f87b20124e0_0, 0;
    %jmp T_1.37;
T_1.30 ;
    %vpi_call 2 193 "$display", "slti" {0 0 0};
    %pushi/vec4 6, 0, 4;
    %assign/vec4 v0x7f87b2011d30_0, 0;
    %load/vec4 v0x7f87b2011640_0;
    %assign/vec4 v0x7f87b20123b0_0, 0;
    %pushi/vec4 1, 0, 4;
    %assign/vec4 v0x7f87b20124e0_0, 0;
    %jmp T_1.37;
T_1.31 ;
    %vpi_call 2 199 "$display", "sltiu" {0 0 0};
    %pushi/vec4 7, 0, 4;
    %assign/vec4 v0x7f87b2011d30_0, 0;
    %load/vec4 v0x7f87b2011640_0;
    %assign/vec4 v0x7f87b20123b0_0, 0;
    %pushi/vec4 1, 0, 4;
    %assign/vec4 v0x7f87b20124e0_0, 0;
    %jmp T_1.37;
T_1.32 ;
    %vpi_call 2 205 "$display", "xori" {0 0 0};
    %pushi/vec4 10, 0, 4;
    %assign/vec4 v0x7f87b2011d30_0, 0;
    %load/vec4 v0x7f87b2011640_0;
    %assign/vec4 v0x7f87b20123b0_0, 0;
    %pushi/vec4 2, 0, 4;
    %assign/vec4 v0x7f87b20124e0_0, 0;
    %jmp T_1.37;
T_1.33 ;
    %vpi_call 2 211 "$display", "ori" {0 0 0};
    %pushi/vec4 8, 0, 4;
    %assign/vec4 v0x7f87b2011d30_0, 0;
    %load/vec4 v0x7f87b2011640_0;
    %assign/vec4 v0x7f87b20123b0_0, 0;
    %pushi/vec4 2, 0, 4;
    %assign/vec4 v0x7f87b20124e0_0, 0;
    %jmp T_1.37;
T_1.34 ;
    %vpi_call 2 217 "$display", "andi" {0 0 0};
    %pushi/vec4 9, 0, 4;
    %assign/vec4 v0x7f87b2011d30_0, 0;
    %pushi/vec4 2, 0, 4;
    %assign/vec4 v0x7f87b20124e0_0, 0;
    %load/vec4 v0x7f87b2011640_0;
    %assign/vec4 v0x7f87b20123b0_0, 0;
    %jmp T_1.37;
T_1.35 ;
    %load/vec4 v0x7f87b2012120_0;
    %cmpi/e 0, 0, 7;
    %jmp/0xz  T_1.38, 4;
    %vpi_call 2 224 "$display", "slli" {0 0 0};
    %pushi/vec4 3, 0, 4;
    %assign/vec4 v0x7f87b2011d30_0, 0;
    %pushi/vec4 2, 0, 4;
    %assign/vec4 v0x7f87b20124e0_0, 0;
    %load/vec4 v0x7f87b2012d20_0;
    %assign/vec4 v0x7f87b20123b0_0, 0;
T_1.38 ;
    %jmp T_1.37;
T_1.36 ;
    %load/vec4 v0x7f87b2012d20_0;
    %assign/vec4 v0x7f87b20123b0_0, 0;
    %load/vec4 v0x7f87b2012120_0;
    %dup/vec4;
    %pushi/vec4 0, 0, 7;
    %cmp/u;
    %jmp/1 T_1.40, 6;
    %dup/vec4;
    %pushi/vec4 32, 0, 7;
    %cmp/u;
    %jmp/1 T_1.41, 6;
    %jmp T_1.42;
T_1.40 ;
    %vpi_call 2 234 "$display", "srli" {0 0 0};
    %pushi/vec4 5, 0, 4;
    %assign/vec4 v0x7f87b2011d30_0, 0;
    %pushi/vec4 2, 0, 4;
    %assign/vec4 v0x7f87b20124e0_0, 0;
    %jmp T_1.42;
T_1.41 ;
    %vpi_call 2 239 "$display", "srai" {0 0 0};
    %pushi/vec4 4, 0, 4;
    %assign/vec4 v0x7f87b2011d30_0, 0;
    %pushi/vec4 2, 0, 4;
    %assign/vec4 v0x7f87b20124e0_0, 0;
    %jmp T_1.42;
T_1.42 ;
    %pop/vec4 1;
    %jmp T_1.37;
T_1.37 ;
    %pop/vec4 1;
    %jmp T_1.11;
T_1.8 ;
    %pushi/vec4 0, 0, 1;
    %assign/vec4 v0x7f87b2011fd0_0, 0;
    %pushi/vec4 0, 0, 4;
    %assign/vec4 v0x7f87b2012590_0, 0;
    %load/vec4 v0x7f87b2012070_0;
    %dup/vec4;
    %pushi/vec4 0, 0, 3;
    %cmp/u;
    %jmp/1 T_1.43, 6;
    %dup/vec4;
    %pushi/vec4 1, 0, 3;
    %cmp/u;
    %jmp/1 T_1.44, 6;
    %dup/vec4;
    %pushi/vec4 2, 0, 3;
    %cmp/u;
    %jmp/1 T_1.45, 6;
    %dup/vec4;
    %pushi/vec4 3, 0, 3;
    %cmp/u;
    %jmp/1 T_1.46, 6;
    %dup/vec4;
    %pushi/vec4 4, 0, 3;
    %cmp/u;
    %jmp/1 T_1.47, 6;
    %dup/vec4;
    %pushi/vec4 5, 0, 3;
    %cmp/u;
    %jmp/1 T_1.48, 6;
    %dup/vec4;
    %pushi/vec4 6, 0, 3;
    %cmp/u;
    %jmp/1 T_1.49, 6;
    %dup/vec4;
    %pushi/vec4 7, 0, 3;
    %cmp/u;
    %jmp/1 T_1.50, 6;
    %jmp T_1.51;
T_1.43 ;
    %pushi/vec4 2, 0, 4;
    %assign/vec4 v0x7f87b20124e0_0, 0;
    %load/vec4 v0x7f87b2012120_0;
    %dup/vec4;
    %pushi/vec4 0, 0, 7;
    %cmp/u;
    %jmp/1 T_1.52, 6;
    %dup/vec4;
    %pushi/vec4 32, 0, 7;
    %cmp/u;
    %jmp/1 T_1.53, 6;
    %jmp T_1.54;
T_1.52 ;
    %vpi_call 2 258 "$display", "add" {0 0 0};
    %pushi/vec4 1, 0, 4;
    %assign/vec4 v0x7f87b2011d30_0, 0;
    %jmp T_1.54;
T_1.53 ;
    %vpi_call 2 262 "$display", "sub" {0 0 0};
    %pushi/vec4 2, 0, 4;
    %assign/vec4 v0x7f87b2011d30_0, 0;
    %jmp T_1.54;
T_1.54 ;
    %pop/vec4 1;
    %jmp T_1.51;
T_1.44 ;
    %load/vec4 v0x7f87b2012120_0;
    %cmpi/e 0, 0, 7;
    %jmp/0xz  T_1.55, 4;
    %vpi_call 2 269 "$display", "sll" {0 0 0};
    %pushi/vec4 3, 0, 4;
    %assign/vec4 v0x7f87b2011d30_0, 0;
    %pushi/vec4 2, 0, 4;
    %assign/vec4 v0x7f87b20124e0_0, 0;
T_1.55 ;
    %jmp T_1.51;
T_1.45 ;
    %load/vec4 v0x7f87b2012120_0;
    %cmpi/e 0, 0, 7;
    %jmp/0xz  T_1.57, 4;
    %vpi_call 2 276 "$display", "slt" {0 0 0};
    %pushi/vec4 6, 0, 4;
    %assign/vec4 v0x7f87b2011d30_0, 0;
    %pushi/vec4 1, 0, 4;
    %assign/vec4 v0x7f87b20124e0_0, 0;
T_1.57 ;
    %jmp T_1.51;
T_1.46 ;
    %load/vec4 v0x7f87b2012120_0;
    %cmpi/e 0, 0, 7;
    %jmp/0xz  T_1.59, 4;
    %vpi_call 2 283 "$display", "sltu" {0 0 0};
    %pushi/vec4 7, 0, 4;
    %assign/vec4 v0x7f87b2011d30_0, 0;
    %pushi/vec4 1, 0, 4;
    %assign/vec4 v0x7f87b20124e0_0, 0;
T_1.59 ;
    %jmp T_1.51;
T_1.47 ;
    %load/vec4 v0x7f87b2012120_0;
    %cmpi/e 0, 0, 7;
    %jmp/0xz  T_1.61, 4;
    %vpi_call 2 290 "$display", "xor" {0 0 0};
    %pushi/vec4 10, 0, 4;
    %assign/vec4 v0x7f87b2011d30_0, 0;
    %pushi/vec4 2, 0, 4;
    %assign/vec4 v0x7f87b20124e0_0, 0;
T_1.61 ;
    %jmp T_1.51;
T_1.48 ;
    %load/vec4 v0x7f87b2012120_0;
    %dup/vec4;
    %pushi/vec4 0, 0, 7;
    %cmp/u;
    %jmp/1 T_1.63, 6;
    %dup/vec4;
    %pushi/vec4 32, 0, 7;
    %cmp/u;
    %jmp/1 T_1.64, 6;
    %jmp T_1.65;
T_1.63 ;
    %vpi_call 2 298 "$display", "srl" {0 0 0};
    %pushi/vec4 5, 0, 4;
    %assign/vec4 v0x7f87b2011d30_0, 0;
    %pushi/vec4 2, 0, 4;
    %assign/vec4 v0x7f87b20124e0_0, 0;
    %jmp T_1.65;
T_1.64 ;
    %vpi_call 2 303 "$display", "sra" {0 0 0};
    %pushi/vec4 4, 0, 4;
    %assign/vec4 v0x7f87b2011d30_0, 0;
    %pushi/vec4 2, 0, 4;
    %assign/vec4 v0x7f87b20124e0_0, 0;
    %jmp T_1.65;
T_1.65 ;
    %pop/vec4 1;
    %jmp T_1.51;
T_1.49 ;
    %load/vec4 v0x7f87b2012120_0;
    %cmpi/e 0, 0, 7;
    %jmp/0xz  T_1.66, 4;
    %vpi_call 2 311 "$display", "or" {0 0 0};
    %pushi/vec4 8, 0, 4;
    %assign/vec4 v0x7f87b2011d30_0, 0;
    %pushi/vec4 2, 0, 4;
    %assign/vec4 v0x7f87b20124e0_0, 0;
T_1.66 ;
    %jmp T_1.51;
T_1.50 ;
    %load/vec4 v0x7f87b2012120_0;
    %cmpi/e 0, 0, 7;
    %jmp/0xz  T_1.68, 4;
    %vpi_call 2 318 "$display", "and" {0 0 0};
    %pushi/vec4 9, 0, 4;
    %assign/vec4 v0x7f87b2011d30_0, 0;
    %pushi/vec4 2, 0, 4;
    %assign/vec4 v0x7f87b20124e0_0, 0;
T_1.68 ;
    %jmp T_1.51;
T_1.51 ;
    %pop/vec4 1;
    %jmp T_1.11;
T_1.9 ;
    %load/vec4 v0x7f87b2012070_0;
    %dup/vec4;
    %pushi/vec4 0, 0, 3;
    %cmp/u;
    %jmp/1 T_1.70, 6;
    %dup/vec4;
    %pushi/vec4 1, 0, 3;
    %cmp/u;
    %jmp/1 T_1.71, 6;
    %jmp T_1.72;
T_1.70 ;
    %vpi_call 2 331 "$display", "fence" {0 0 0};
    %jmp T_1.72;
T_1.71 ;
    %vpi_call 2 334 "$display", "fence.i" {0 0 0};
    %jmp T_1.72;
T_1.72 ;
    %pop/vec4 1;
    %jmp T_1.11;
T_1.10 ;
    %load/vec4 v0x7f87b2011f30_0;
    %pad/u 14;
    %dup/vec4;
    %pushi/vec4 0, 0, 14;
    %cmp/u;
    %jmp/1 T_1.73, 6;
    %dup/vec4;
    %pushi/vec4 8192, 0, 14;
    %cmp/u;
    %jmp/1 T_1.74, 6;
    %load/vec4 v0x7f87b2012070_0;
    %dup/vec4;
    %pushi/vec4 1, 0, 3;
    %cmp/u;
    %jmp/1 T_1.77, 6;
    %dup/vec4;
    %pushi/vec4 2, 0, 3;
    %cmp/u;
    %jmp/1 T_1.78, 6;
    %dup/vec4;
    %pushi/vec4 3, 0, 3;
    %cmp/u;
    %jmp/1 T_1.79, 6;
    %dup/vec4;
    %pushi/vec4 5, 0, 3;
    %cmp/u;
    %jmp/1 T_1.80, 6;
    %dup/vec4;
    %pushi/vec4 6, 0, 3;
    %cmp/u;
    %jmp/1 T_1.81, 6;
    %dup/vec4;
    %pushi/vec4 7, 0, 3;
    %cmp/u;
    %jmp/1 T_1.82, 6;
    %jmp T_1.83;
T_1.77 ;
    %vpi_call 2 352 "$display", "csrrw" {0 0 0};
    %jmp T_1.83;
T_1.78 ;
    %vpi_call 2 355 "$display", "csrrs" {0 0 0};
    %jmp T_1.83;
T_1.79 ;
    %vpi_call 2 358 "$display", "csrrc" {0 0 0};
    %jmp T_1.83;
T_1.80 ;
    %vpi_call 2 361 "$display", "csrrwi" {0 0 0};
    %jmp T_1.83;
T_1.81 ;
    %vpi_call 2 364 "$display", "csrrsi" {0 0 0};
    %jmp T_1.83;
T_1.82 ;
    %vpi_call 2 367 "$display", "csrrci" {0 0 0};
    %jmp T_1.83;
T_1.83 ;
    %pop/vec4 1;
    %jmp T_1.76;
T_1.73 ;
    %vpi_call 2 344 "$display", "ecall" {0 0 0};
    %jmp T_1.76;
T_1.74 ;
    %vpi_call 2 347 "$display", "ebreak" {0 0 0};
    %jmp T_1.76;
T_1.76 ;
    %pop/vec4 1;
    %jmp T_1.11;
T_1.11 ;
    %pop/vec4 1;
    %jmp T_1;
    .thread T_1;
# The file index is used to find the file name in the following table.
:file_names 3;
    "N/A";
    "<interactive>";
    "decoder.v";
