#! /usr/local/Cellar/icarus-verilog/11.0/bin/vvp
:ivl_version "11.0 (stable)";
:ivl_delay_selection "TYPICAL";
:vpi_time_precision + 0;
:vpi_module "/usr/local/Cellar/icarus-verilog/11.0/lib/ivl/system.vpi";
:vpi_module "/usr/local/Cellar/icarus-verilog/11.0/lib/ivl/vhdl_sys.vpi";
:vpi_module "/usr/local/Cellar/icarus-verilog/11.0/lib/ivl/vhdl_textio.vpi";
:vpi_module "/usr/local/Cellar/icarus-verilog/11.0/lib/ivl/v2005_math.vpi";
:vpi_module "/usr/local/Cellar/icarus-verilog/11.0/lib/ivl/va_math.vpi";
S_0x7f8b56c072b0 .scope module, "fetch" "fetch" 2 3;
 .timescale 0 0;
    .port_info 0 /INPUT 1 "clk";
    .port_info 1 /INPUT 32 "pc_ex_off";
    .port_info 2 /INPUT 32 "pc_ex_base";
    .port_info 3 /INPUT 1 "pc_ex_valid";
    .port_info 4 /INPUT 32 "mem_data";
    .port_info 5 /OUTPUT 30 "mem_addr";
    .port_info 6 /OUTPUT 32 "insn";
    .port_info 7 /OUTPUT 32 "pc_de";
P_0x7f8b56c081a0 .param/l "ENTRYPOINT" 0 2 3, C4<00000000000000000000000001010100>;
o0x7f8b56f32008 .functor BUFZ 1, C4<z>; HiZ drive
v0x7f8b56e043f0_0 .net "clk", 0 0, o0x7f8b56f32008;  0 drivers
v0x7f8b56e144a0_0 .var "insn", 31 0;
v0x7f8b56e14540_0 .net "mem_addr", 29 0, L_0x7f8b56e14bb0;  1 drivers
o0x7f8b56f32098 .functor BUFZ 32, C4<zzzzzzzzzzzzzzzzzzzzzzzzzzzzzzzz>; HiZ drive
v0x7f8b56e145d0_0 .net "mem_data", 31 0, o0x7f8b56f32098;  0 drivers
v0x7f8b56e14680_0 .var "pc", 31 0;
v0x7f8b56e14770_0 .var "pc_de", 31 0;
o0x7f8b56f32128 .functor BUFZ 32, C4<zzzzzzzzzzzzzzzzzzzzzzzzzzzzzzzz>; HiZ drive
v0x7f8b56e14820_0 .net "pc_ex_base", 31 0, o0x7f8b56f32128;  0 drivers
o0x7f8b56f32158 .functor BUFZ 32, C4<zzzzzzzzzzzzzzzzzzzzzzzzzzzzzzzz>; HiZ drive
v0x7f8b56e148d0_0 .net "pc_ex_off", 31 0, o0x7f8b56f32158;  0 drivers
o0x7f8b56f32188 .functor BUFZ 1, C4<z>; HiZ drive
v0x7f8b56e14980_0 .net "pc_ex_valid", 0 0, o0x7f8b56f32188;  0 drivers
v0x7f8b56e14a90_0 .var "pc_prev", 31 0;
E_0x7f8b56e04080 .event posedge, v0x7f8b56e043f0_0;
L_0x7f8b56e14bb0 .part v0x7f8b56e14680_0, 2, 30;
    .scope S_0x7f8b56c072b0;
T_0 ;
    %pushi/vec4 84, 0, 32;
    %assign/vec4 v0x7f8b56e14680_0, 0;
    %end;
    .thread T_0;
    .scope S_0x7f8b56c072b0;
T_1 ;
    %wait E_0x7f8b56e04080;
    %load/vec4 v0x7f8b56e145d0_0;
    %assign/vec4 v0x7f8b56e144a0_0, 0;
    %load/vec4 v0x7f8b56e14680_0;
    %assign/vec4 v0x7f8b56e14a90_0, 0;
    %load/vec4 v0x7f8b56e14a90_0;
    %assign/vec4 v0x7f8b56e14770_0, 0;
    %load/vec4 v0x7f8b56e14980_0;
    %flag_set/vec4 8;
    %jmp/0xz  T_1.0, 8;
    %load/vec4 v0x7f8b56e14820_0;
    %load/vec4 v0x7f8b56e148d0_0;
    %add;
    %assign/vec4 v0x7f8b56e14680_0, 0;
    %jmp T_1.1;
T_1.0 ;
    %load/vec4 v0x7f8b56e14680_0;
    %addi 4, 0, 32;
    %assign/vec4 v0x7f8b56e14680_0, 0;
T_1.1 ;
    %jmp T_1;
    .thread T_1;
# The file index is used to find the file name in the following table.
:file_names 3;
    "N/A";
    "<interactive>";
    "fetch.v";
