#! /usr/local/Cellar/icarus-verilog/11.0/bin/vvp
:ivl_version "11.0 (stable)";
:ivl_delay_selection "TYPICAL";
:vpi_time_precision + 0;
:vpi_module "/usr/local/Cellar/icarus-verilog/11.0/lib/ivl/system.vpi";
:vpi_module "/usr/local/Cellar/icarus-verilog/11.0/lib/ivl/vhdl_sys.vpi";
:vpi_module "/usr/local/Cellar/icarus-verilog/11.0/lib/ivl/vhdl_textio.vpi";
:vpi_module "/usr/local/Cellar/icarus-verilog/11.0/lib/ivl/v2005_math.vpi";
:vpi_module "/usr/local/Cellar/icarus-verilog/11.0/lib/ivl/va_math.vpi";
S_0x7ff09e505a10 .scope module, "mem" "mem" 2 5;
 .timescale 0 0;
    .port_info 0 /INPUT 1 "clk";
    .port_info 1 /INPUT 4 "insn_type";
    .port_info 2 /INPUT 4 "insn_sub_type";
    .port_info 3 /INPUT 32 "ex_val";
    .port_info 4 /INPUT 32 "store_val";
    .port_info 5 /INPUT 5 "wb_reg";
    .port_info 6 /OUTPUT 5 "wb_reg_r";
    .port_info 7 /OUTPUT 32 "wb_val";
    .port_info 8 /OUTPUT 5 "bp_mem_reg";
    .port_info 9 /OUTPUT 32 "bp_mem_val";
    .port_info 10 /OUTPUT 30 "ram_r_addr";
    .port_info 11 /OUTPUT 30 "ram_w_addr";
    .port_info 12 /OUTPUT 32 "ram_w_data";
    .port_info 13 /OUTPUT 4 "ram_byte_en";
    .port_info 14 /OUTPUT 1 "ram_w_en";
    .port_info 15 /OUTPUT 1 "use_mem_output";
v0x7ff09e510720_0 .var "bp_mem_reg", 4 0;
v0x7ff09e523170_0 .var "bp_mem_val", 31 0;
o0x7ff09e632068 .functor BUFZ 1, C4<z>; HiZ drive
v0x7ff09e523210_0 .net "clk", 0 0, o0x7ff09e632068;  0 drivers
o0x7ff09e632098 .functor BUFZ 32, C4<zzzzzzzzzzzzzzzzzzzzzzzzzzzzzzzz>; HiZ drive
v0x7ff09e5232c0_0 .net "ex_val", 31 0, o0x7ff09e632098;  0 drivers
o0x7ff09e6320c8 .functor BUFZ 4, C4<zzzz>; HiZ drive
v0x7ff09e523360_0 .net "insn_sub_type", 3 0, o0x7ff09e6320c8;  0 drivers
o0x7ff09e6320f8 .functor BUFZ 4, C4<zzzz>; HiZ drive
v0x7ff09e523450_0 .net "insn_type", 3 0, o0x7ff09e6320f8;  0 drivers
v0x7ff09e523500_0 .var "ram_byte_en", 3 0;
v0x7ff09e5235b0_0 .var "ram_r_addr", 29 0;
v0x7ff09e523660_0 .var "ram_w_addr", 29 0;
v0x7ff09e523770_0 .var "ram_w_data", 31 0;
v0x7ff09e523820_0 .var "ram_w_en", 0 0;
o0x7ff09e632218 .functor BUFZ 32, C4<zzzzzzzzzzzzzzzzzzzzzzzzzzzzzzzz>; HiZ drive
v0x7ff09e5238c0_0 .net "store_val", 31 0, o0x7ff09e632218;  0 drivers
v0x7ff09e523970_0 .var "use_mem_output", 0 0;
o0x7ff09e632278 .functor BUFZ 5, C4<zzzzz>; HiZ drive
v0x7ff09e523a10_0 .net "wb_reg", 4 0, o0x7ff09e632278;  0 drivers
v0x7ff09e523ac0_0 .var "wb_reg_r", 4 0;
v0x7ff09e523b70_0 .var "wb_val", 31 0;
E_0x7ff09e510380 .event posedge, v0x7ff09e523210_0;
    .scope S_0x7ff09e505a10;
T_0 ;
    %wait E_0x7ff09e510380;
    %load/vec4 v0x7ff09e5232c0_0;
    %assign/vec4 v0x7ff09e523b70_0, 0;
    %load/vec4 v0x7ff09e523a10_0;
    %assign/vec4 v0x7ff09e523ac0_0, 0;
    %jmp T_0;
    .thread T_0;
    .scope S_0x7ff09e505a10;
T_1 ;
    %wait E_0x7ff09e510380;
    %pushi/vec4 0, 0, 5;
    %assign/vec4 v0x7ff09e510720_0, 0;
    %pushi/vec4 0, 0, 32;
    %assign/vec4 v0x7ff09e523170_0, 0;
    %load/vec4 v0x7ff09e523450_0;
    %dup/vec4;
    %pushi/vec4 2, 0, 4;
    %cmp/u;
    %jmp/1 T_1.0, 6;
    %dup/vec4;
    %pushi/vec4 3, 0, 4;
    %cmp/u;
    %jmp/1 T_1.1, 6;
    %pushi/vec4 0, 0, 1;
    %assign/vec4 v0x7ff09e523970_0, 0;
    %load/vec4 v0x7ff09e5232c0_0;
    %assign/vec4 v0x7ff09e523b70_0, 0;
    %load/vec4 v0x7ff09e523a10_0;
    %assign/vec4 v0x7ff09e523ac0_0, 0;
    %pushi/vec4 0, 0, 1;
    %assign/vec4 v0x7ff09e523820_0, 0;
    %jmp T_1.3;
T_1.0 ;
    %pushi/vec4 1, 0, 1;
    %assign/vec4 v0x7ff09e523970_0, 0;
    %pushi/vec4 0, 0, 1;
    %assign/vec4 v0x7ff09e523820_0, 0;
    %load/vec4 v0x7ff09e5232c0_0;
    %parti/s 30, 2, 3;
    %assign/vec4 v0x7ff09e5235b0_0, 0;
    %jmp T_1.3;
T_1.1 ;
    %pushi/vec4 0, 0, 1;
    %assign/vec4 v0x7ff09e523970_0, 0;
    %pushi/vec4 1, 0, 1;
    %assign/vec4 v0x7ff09e523820_0, 0;
    %load/vec4 v0x7ff09e5232c0_0;
    %parti/s 30, 2, 3;
    %assign/vec4 v0x7ff09e523660_0, 0;
    %load/vec4 v0x7ff09e523360_0;
    %dup/vec4;
    %pushi/vec4 2, 0, 4;
    %cmp/u;
    %jmp/1 T_1.4, 6;
    %dup/vec4;
    %pushi/vec4 1, 0, 4;
    %cmp/u;
    %jmp/1 T_1.5, 6;
    %dup/vec4;
    %pushi/vec4 0, 0, 4;
    %cmp/u;
    %jmp/1 T_1.6, 6;
    %jmp T_1.7;
T_1.4 ;
    %pushi/vec4 15, 0, 4;
    %assign/vec4 v0x7ff09e523500_0, 0;
    %load/vec4 v0x7ff09e5238c0_0;
    %assign/vec4 v0x7ff09e523770_0, 0;
    %jmp T_1.7;
T_1.5 ;
    %load/vec4 v0x7ff09e5232c0_0;
    %parti/s 2, 0, 2;
    %dup/vec4;
    %pushi/vec4 0, 0, 2;
    %cmp/u;
    %jmp/1 T_1.8, 6;
    %dup/vec4;
    %pushi/vec4 2, 0, 2;
    %cmp/u;
    %jmp/1 T_1.9, 6;
    %vpi_call 2 58 "$display", "bad ma" {0 0 0};
    %jmp T_1.11;
T_1.8 ;
    %pushi/vec4 3, 0, 4;
    %assign/vec4 v0x7ff09e523500_0, 0;
    %load/vec4 v0x7ff09e5238c0_0;
    %assign/vec4 v0x7ff09e523770_0, 0;
    %jmp T_1.11;
T_1.9 ;
    %pushi/vec4 12, 0, 4;
    %assign/vec4 v0x7ff09e523500_0, 0;
    %load/vec4 v0x7ff09e5238c0_0;
    %ix/load 4, 16, 0;
    %flag_set/imm 4, 0;
    %shiftl 4;
    %assign/vec4 v0x7ff09e523770_0, 0;
    %jmp T_1.11;
T_1.11 ;
    %pop/vec4 1;
    %jmp T_1.7;
T_1.6 ;
    %load/vec4 v0x7ff09e5232c0_0;
    %parti/s 2, 0, 2;
    %dup/vec4;
    %pushi/vec4 0, 0, 2;
    %cmp/u;
    %jmp/1 T_1.12, 6;
    %dup/vec4;
    %pushi/vec4 1, 0, 2;
    %cmp/u;
    %jmp/1 T_1.13, 6;
    %dup/vec4;
    %pushi/vec4 2, 0, 2;
    %cmp/u;
    %jmp/1 T_1.14, 6;
    %dup/vec4;
    %pushi/vec4 3, 0, 2;
    %cmp/u;
    %jmp/1 T_1.15, 6;
    %vpi_call 2 79 "$display", "bad ma" {0 0 0};
    %jmp T_1.17;
T_1.12 ;
    %pushi/vec4 1, 0, 4;
    %assign/vec4 v0x7ff09e523500_0, 0;
    %load/vec4 v0x7ff09e5238c0_0;
    %assign/vec4 v0x7ff09e523770_0, 0;
    %jmp T_1.17;
T_1.13 ;
    %pushi/vec4 2, 0, 4;
    %assign/vec4 v0x7ff09e523500_0, 0;
    %load/vec4 v0x7ff09e5238c0_0;
    %ix/load 4, 8, 0;
    %flag_set/imm 4, 0;
    %shiftl 4;
    %assign/vec4 v0x7ff09e523770_0, 0;
    %jmp T_1.17;
T_1.14 ;
    %pushi/vec4 4, 0, 4;
    %assign/vec4 v0x7ff09e523500_0, 0;
    %load/vec4 v0x7ff09e5238c0_0;
    %ix/load 4, 16, 0;
    %flag_set/imm 4, 0;
    %shiftl 4;
    %assign/vec4 v0x7ff09e523770_0, 0;
    %jmp T_1.17;
T_1.15 ;
    %pushi/vec4 8, 0, 4;
    %assign/vec4 v0x7ff09e523500_0, 0;
    %load/vec4 v0x7ff09e5238c0_0;
    %ix/load 4, 24, 0;
    %flag_set/imm 4, 0;
    %shiftl 4;
    %assign/vec4 v0x7ff09e523770_0, 0;
    %jmp T_1.17;
T_1.17 ;
    %pop/vec4 1;
    %jmp T_1.7;
T_1.7 ;
    %pop/vec4 1;
    %jmp T_1.3;
T_1.3 ;
    %pop/vec4 1;
    %jmp T_1;
    .thread T_1;
# The file index is used to find the file name in the following table.
:file_names 3;
    "N/A";
    "<interactive>";
    "mem.v";
