#! /usr/local/Cellar/icarus-verilog/11.0/bin/vvp
:ivl_version "11.0 (stable)";
:ivl_delay_selection "TYPICAL";
:vpi_time_precision + 0;
:vpi_module "/usr/local/Cellar/icarus-verilog/11.0/lib/ivl/system.vpi";
:vpi_module "/usr/local/Cellar/icarus-verilog/11.0/lib/ivl/vhdl_sys.vpi";
:vpi_module "/usr/local/Cellar/icarus-verilog/11.0/lib/ivl/vhdl_textio.vpi";
:vpi_module "/usr/local/Cellar/icarus-verilog/11.0/lib/ivl/v2005_math.vpi";
:vpi_module "/usr/local/Cellar/icarus-verilog/11.0/lib/ivl/va_math.vpi";
S_0x7fc5fee07fb0 .scope module, "exec" "exec" 2 5;
 .timescale 0 0;
    .port_info 0 /INPUT 1 "clk";
    .port_info 1 /INPUT 4 "insn_type";
    .port_info 2 /INPUT 4 "insn_sub_type";
    .port_info 3 /INPUT 4 "alu_code";
    .port_info 4 /INPUT 5 "rs1_reg";
    .port_info 5 /INPUT 32 "rs1_regfile_val";
    .port_info 6 /INPUT 5 "rs2_reg";
    .port_info 7 /INPUT 32 "rs2_regfile_val";
    .port_info 8 /INPUT 32 "pc_de";
    .port_info 9 /INPUT 32 "imm";
    .port_info 10 /INPUT 1 "use_imm";
    .port_info 11 /INPUT 5 "bp_wb_reg";
    .port_info 12 /INPUT 32 "bp_wb_val";
    .port_info 13 /INPUT 5 "bp_mem_reg";
    .port_info 14 /INPUT 32 "bp_mem_val";
    .port_info 15 /INPUT 5 "de_rd";
    .port_info 16 /OUTPUT 32 "next_stage_val";
    .port_info 17 /OUTPUT 5 "rd_ex";
    .port_info 18 /OUTPUT 32 "pc_redirect";
    .port_info 19 /OUTPUT 1 "pc_redirect_valid";
    .port_info 20 /OUTPUT 1 "is_pc_redirect_offset";
    .port_info 21 /OUTPUT 32 "store_val";
    .port_info 22 /OUTPUT 4 "insn_type_r";
    .port_info 23 /OUTPUT 4 "insn_sub_type_r";
L_0x7fc5fee28ac0 .functor AND 1, L_0x7fc5fee28830, L_0x7fc5fee28970, C4<1>, C4<1>;
v0x7fc5fee25dc0_0 .net *"_ivl_10", 0 0, L_0x7fc5fee28830;  1 drivers
L_0x7fc5fed63098 .functor BUFT 1, C4<0011>, C4<0>, C4<0>, C4<0>;
v0x7fc5fee25e70_0 .net/2u *"_ivl_12", 3 0, L_0x7fc5fed63098;  1 drivers
v0x7fc5fee25f10_0 .net *"_ivl_14", 0 0, L_0x7fc5fee28970;  1 drivers
v0x7fc5fee25fc0_0 .net *"_ivl_16", 0 0, L_0x7fc5fee28ac0;  1 drivers
v0x7fc5fee26060_0 .net *"_ivl_18", 0 0, L_0x7fc5fee28bb0;  1 drivers
v0x7fc5fee26140_0 .net *"_ivl_20", 0 0, L_0x7fc5fee28c70;  1 drivers
v0x7fc5fee261e0_0 .net *"_ivl_22", 0 0, L_0x7fc5fee28db0;  1 drivers
v0x7fc5fee26280_0 .net *"_ivl_24", 31 0, L_0x7fc5fee28e70;  1 drivers
v0x7fc5fee26330_0 .net *"_ivl_26", 31 0, L_0x7fc5fee28fa0;  1 drivers
v0x7fc5fee26440_0 .net *"_ivl_28", 31 0, L_0x7fc5fee290e0;  1 drivers
v0x7fc5fee264f0_0 .net *"_ivl_30", 31 0, L_0x7fc5fee29220;  1 drivers
v0x7fc5fee265a0_0 .net *"_ivl_34", 0 0, L_0x7fc5fee29510;  1 drivers
v0x7fc5fee26640_0 .net *"_ivl_36", 0 0, L_0x7fc5fee295f0;  1 drivers
v0x7fc5fee266e0_0 .net *"_ivl_38", 0 0, L_0x7fc5fee29790;  1 drivers
L_0x7fc5fed63008 .functor BUFT 1, C4<0001>, C4<0>, C4<0>, C4<0>;
v0x7fc5fee26780_0 .net/2u *"_ivl_4", 3 0, L_0x7fc5fed63008;  1 drivers
v0x7fc5fee26830_0 .net *"_ivl_40", 31 0, L_0x7fc5fee29830;  1 drivers
v0x7fc5fee268e0_0 .net *"_ivl_42", 31 0, L_0x7fc5fee29960;  1 drivers
v0x7fc5fee26a70_0 .net *"_ivl_44", 31 0, L_0x7fc5fee29ac0;  1 drivers
v0x7fc5fee26b00_0 .net *"_ivl_6", 0 0, L_0x7fc5fee28750;  1 drivers
L_0x7fc5fed63050 .functor BUFT 1, C4<0000>, C4<0>, C4<0>, C4<0>;
v0x7fc5fee26ba0_0 .net/2u *"_ivl_8", 3 0, L_0x7fc5fed63050;  1 drivers
o0x7fc5fed32008 .functor BUFZ 4, C4<zzzz>; HiZ drive
v0x7fc5fee26c50_0 .net "alu_code", 3 0, o0x7fc5fed32008;  0 drivers
v0x7fc5fee26d10_0 .net "alu_rs1", 31 0, L_0x7fc5fee29340;  1 drivers
v0x7fc5fee26da0_0 .net "alu_rs2", 31 0, L_0x7fc5fee29c40;  1 drivers
v0x7fc5fee26e30_0 .net "awaited_pc_valid", 0 0, L_0x7fc5fee29e10;  1 drivers
o0x7fc5fed325a8 .functor BUFZ 5, C4<zzzzz>; HiZ drive
v0x7fc5fee26ec0_0 .net "bp_mem_reg", 4 0, o0x7fc5fed325a8;  0 drivers
o0x7fc5fed325d8 .functor BUFZ 32, C4<zzzzzzzzzzzzzzzzzzzzzzzzzzzzzzzz>; HiZ drive
v0x7fc5fee26f50_0 .net "bp_mem_val", 31 0, o0x7fc5fed325d8;  0 drivers
o0x7fc5fed32608 .functor BUFZ 5, C4<zzzzz>; HiZ drive
v0x7fc5fee26fe0_0 .net "bp_wb_reg", 4 0, o0x7fc5fed32608;  0 drivers
o0x7fc5fed32638 .functor BUFZ 32, C4<zzzzzzzzzzzzzzzzzzzzzzzzzzzzzzzz>; HiZ drive
v0x7fc5fee27090_0 .net "bp_wb_val", 31 0, o0x7fc5fed32638;  0 drivers
o0x7fc5fed32668 .functor BUFZ 1, C4<z>; HiZ drive
v0x7fc5fee27140_0 .net "clk", 0 0, o0x7fc5fed32668;  0 drivers
v0x7fc5fee271e0_0 .net "cmp_eq", 0 0, L_0x7fc5fee285f0;  1 drivers
v0x7fc5fee27280_0 .net "cmp_less", 0 0, L_0x7fc5fee286b0;  1 drivers
o0x7fc5fed326f8 .functor BUFZ 5, C4<zzzzz>; HiZ drive
v0x7fc5fee27320_0 .net "de_rd", 4 0, o0x7fc5fed326f8;  0 drivers
v0x7fc5fee273d0_0 .var "ex_bp_reg", 4 0;
v0x7fc5fee26990_0 .var "ex_bp_val", 31 0;
o0x7fc5fed32788 .functor BUFZ 32, C4<zzzzzzzzzzzzzzzzzzzzzzzzzzzzzzzz>; HiZ drive
v0x7fc5fee27660_0 .net "imm", 31 0, o0x7fc5fed32788;  0 drivers
o0x7fc5fed327b8 .functor BUFZ 4, C4<zzzz>; HiZ drive
v0x7fc5fee276f0_0 .net "insn_sub_type", 3 0, o0x7fc5fed327b8;  0 drivers
v0x7fc5fee27790_0 .var "insn_sub_type_r", 3 0;
o0x7fc5fed32818 .functor BUFZ 4, C4<zzzz>; HiZ drive
v0x7fc5fee27840_0 .net "insn_type", 3 0, o0x7fc5fed32818;  0 drivers
v0x7fc5fee278f0_0 .var "insn_type_r", 3 0;
v0x7fc5fee279a0_0 .var "is_pc_redirect_offset", 0 0;
v0x7fc5fee27a40_0 .var "next_stage_val", 31 0;
v0x7fc5fee27af0_0 .var "next_valid_pc", 31 0;
o0x7fc5fed32908 .functor BUFZ 32, C4<zzzzzzzzzzzzzzzzzzzzzzzzzzzzzzzz>; HiZ drive
v0x7fc5fee27ba0_0 .net "pc_de", 31 0, o0x7fc5fed32908;  0 drivers
v0x7fc5fee27c50_0 .var "pc_redirect", 31 0;
v0x7fc5fee27d00_0 .var "pc_redirect_valid", 0 0;
v0x7fc5fee27da0_0 .var "rd_ex", 4 0;
o0x7fc5fed329c8 .functor BUFZ 5, C4<zzzzz>; HiZ drive
v0x7fc5fee27e50_0 .net "rs1_reg", 4 0, o0x7fc5fed329c8;  0 drivers
o0x7fc5fed329f8 .functor BUFZ 32, C4<zzzzzzzzzzzzzzzzzzzzzzzzzzzzzzzz>; HiZ drive
v0x7fc5fee27f00_0 .net "rs1_regfile_val", 31 0, o0x7fc5fed329f8;  0 drivers
o0x7fc5fed32a28 .functor BUFZ 5, C4<zzzzz>; HiZ drive
v0x7fc5fee27fb0_0 .net "rs2_reg", 4 0, o0x7fc5fed32a28;  0 drivers
o0x7fc5fed32a58 .functor BUFZ 32, C4<zzzzzzzzzzzzzzzzzzzzzzzzzzzzzzzz>; HiZ drive
v0x7fc5fee28060_0 .net "rs2_regfile_val", 31 0, o0x7fc5fed32a58;  0 drivers
v0x7fc5fee28110_0 .var "store_val", 31 0;
o0x7fc5fed32ab8 .functor BUFZ 1, C4<z>; HiZ drive
v0x7fc5fee281c0_0 .net "use_imm", 0 0, o0x7fc5fed32ab8;  0 drivers
v0x7fc5fee28260_0 .net "w_alu_res", 31 0, v0x7fc5fee25c90_0;  1 drivers
v0x7fc5fee28320_0 .var "wait_for_pc", 0 0;
E_0x7fc5fee0f8b0 .event posedge, v0x7fc5fee27140_0;
L_0x7fc5fee285f0 .part v0x7fc5fee25c90_0, 0, 1;
L_0x7fc5fee286b0 .part v0x7fc5fee25c90_0, 1, 1;
L_0x7fc5fee28750 .cmp/eq 4, o0x7fc5fed32818, L_0x7fc5fed63008;
L_0x7fc5fee28830 .cmp/eq 4, o0x7fc5fed32818, L_0x7fc5fed63050;
L_0x7fc5fee28970 .cmp/eq 4, o0x7fc5fed327b8, L_0x7fc5fed63098;
L_0x7fc5fee28bb0 .cmp/eq 5, o0x7fc5fed329c8, v0x7fc5fee273d0_0;
L_0x7fc5fee28c70 .cmp/eq 5, o0x7fc5fed329c8, o0x7fc5fed325a8;
L_0x7fc5fee28db0 .cmp/eq 5, o0x7fc5fed329c8, o0x7fc5fed32608;
L_0x7fc5fee28e70 .functor MUXZ 32, o0x7fc5fed329f8, o0x7fc5fed32638, L_0x7fc5fee28db0, C4<>;
L_0x7fc5fee28fa0 .functor MUXZ 32, L_0x7fc5fee28e70, o0x7fc5fed325d8, L_0x7fc5fee28c70, C4<>;
L_0x7fc5fee290e0 .functor MUXZ 32, L_0x7fc5fee28fa0, v0x7fc5fee26990_0, L_0x7fc5fee28bb0, C4<>;
L_0x7fc5fee29220 .functor MUXZ 32, L_0x7fc5fee290e0, o0x7fc5fed32908, L_0x7fc5fee28ac0, C4<>;
L_0x7fc5fee29340 .functor MUXZ 32, L_0x7fc5fee29220, o0x7fc5fed32908, L_0x7fc5fee28750, C4<>;
L_0x7fc5fee29510 .cmp/eq 5, o0x7fc5fed32a28, v0x7fc5fee273d0_0;
L_0x7fc5fee295f0 .cmp/eq 5, o0x7fc5fed32a28, o0x7fc5fed325a8;
L_0x7fc5fee29790 .cmp/eq 5, o0x7fc5fed32a28, o0x7fc5fed32608;
L_0x7fc5fee29830 .functor MUXZ 32, o0x7fc5fed32a58, o0x7fc5fed32638, L_0x7fc5fee29790, C4<>;
L_0x7fc5fee29960 .functor MUXZ 32, L_0x7fc5fee29830, o0x7fc5fed325d8, L_0x7fc5fee295f0, C4<>;
L_0x7fc5fee29ac0 .functor MUXZ 32, L_0x7fc5fee29960, v0x7fc5fee26990_0, L_0x7fc5fee29510, C4<>;
L_0x7fc5fee29c40 .functor MUXZ 32, L_0x7fc5fee29ac0, o0x7fc5fed32788, o0x7fc5fed32ab8, C4<>;
L_0x7fc5fee29e10 .cmp/eq 32, o0x7fc5fed32908, v0x7fc5fee27af0_0;
S_0x7fc5fee0d760 .scope module, "alu" "alu" 2 64, 3 5 0, S_0x7fc5fee07fb0;
 .timescale 0 0;
    .port_info 0 /INPUT 4 "alu_code";
    .port_info 1 /INPUT 32 "op1";
    .port_info 2 /INPUT 32 "op2";
    .port_info 3 /OUTPUT 32 "res";
v0x7fc5fee0b730_0 .net "alu_code", 3 0, o0x7fc5fed32008;  alias, 0 drivers
v0x7fc5fee25a70_0 .net "op1", 31 0, L_0x7fc5fee29340;  alias, 1 drivers
v0x7fc5fee25b20_0 .net "op2", 31 0, L_0x7fc5fee29c40;  alias, 1 drivers
v0x7fc5fee25be0_0 .net "res", 31 0, v0x7fc5fee25c90_0;  alias, 1 drivers
v0x7fc5fee25c90_0 .var "xres", 31 0;
E_0x7fc5fee0f520 .event edge, v0x7fc5fee0b730_0, v0x7fc5fee25a70_0, v0x7fc5fee25b20_0;
    .scope S_0x7fc5fee0d760;
T_0 ;
    %wait E_0x7fc5fee0f520;
    %load/vec4 v0x7fc5fee0b730_0;
    %dup/vec4;
    %pushi/vec4 0, 0, 4;
    %cmp/u;
    %jmp/1 T_0.0, 6;
    %dup/vec4;
    %pushi/vec4 1, 0, 4;
    %cmp/u;
    %jmp/1 T_0.1, 6;
    %dup/vec4;
    %pushi/vec4 2, 0, 4;
    %cmp/u;
    %jmp/1 T_0.2, 6;
    %dup/vec4;
    %pushi/vec4 3, 0, 4;
    %cmp/u;
    %jmp/1 T_0.3, 6;
    %dup/vec4;
    %pushi/vec4 5, 0, 4;
    %cmp/u;
    %jmp/1 T_0.4, 6;
    %dup/vec4;
    %pushi/vec4 4, 0, 4;
    %cmp/u;
    %jmp/1 T_0.5, 6;
    %dup/vec4;
    %pushi/vec4 6, 0, 4;
    %cmp/u;
    %jmp/1 T_0.6, 6;
    %dup/vec4;
    %pushi/vec4 7, 0, 4;
    %cmp/u;
    %jmp/1 T_0.7, 6;
    %dup/vec4;
    %pushi/vec4 8, 0, 4;
    %cmp/u;
    %jmp/1 T_0.8, 6;
    %dup/vec4;
    %pushi/vec4 10, 0, 4;
    %cmp/u;
    %jmp/1 T_0.9, 6;
    %dup/vec4;
    %pushi/vec4 9, 0, 4;
    %cmp/u;
    %jmp/1 T_0.10, 6;
    %jmp T_0.11;
T_0.0 ;
    %pushi/vec4 0, 0, 32;
    %assign/vec4 v0x7fc5fee25c90_0, 0;
    %jmp T_0.11;
T_0.1 ;
    %load/vec4 v0x7fc5fee25a70_0;
    %load/vec4 v0x7fc5fee25b20_0;
    %add;
    %assign/vec4 v0x7fc5fee25c90_0, 0;
    %jmp T_0.11;
T_0.2 ;
    %load/vec4 v0x7fc5fee25a70_0;
    %load/vec4 v0x7fc5fee25b20_0;
    %sub;
    %assign/vec4 v0x7fc5fee25c90_0, 0;
    %jmp T_0.11;
T_0.3 ;
    %load/vec4 v0x7fc5fee25a70_0;
    %ix/getv 4, v0x7fc5fee25b20_0;
    %shiftl 4;
    %assign/vec4 v0x7fc5fee25c90_0, 0;
    %jmp T_0.11;
T_0.4 ;
    %load/vec4 v0x7fc5fee25a70_0;
    %ix/getv 4, v0x7fc5fee25b20_0;
    %shiftr 4;
    %assign/vec4 v0x7fc5fee25c90_0, 0;
    %jmp T_0.11;
T_0.5 ;
    %load/vec4 v0x7fc5fee25a70_0;
    %ix/getv 4, v0x7fc5fee25b20_0;
    %shiftr/s 4;
    %assign/vec4 v0x7fc5fee25c90_0, 0;
    %jmp T_0.11;
T_0.6 ;
    %pushi/vec4 0, 0, 30;
    %load/vec4 v0x7fc5fee25a70_0;
    %load/vec4 v0x7fc5fee25b20_0;
    %cmp/s;
    %flag_get/vec4 5;
    %concat/vec4; draw_concat_vec4
    %load/vec4 v0x7fc5fee25a70_0;
    %load/vec4 v0x7fc5fee25b20_0;
    %cmp/e;
    %flag_get/vec4 4;
    %concat/vec4; draw_concat_vec4
    %assign/vec4 v0x7fc5fee25c90_0, 0;
    %jmp T_0.11;
T_0.7 ;
    %pushi/vec4 0, 0, 30;
    %load/vec4 v0x7fc5fee25a70_0;
    %load/vec4 v0x7fc5fee25b20_0;
    %cmp/u;
    %flag_get/vec4 5;
    %concat/vec4; draw_concat_vec4
    %load/vec4 v0x7fc5fee25a70_0;
    %load/vec4 v0x7fc5fee25b20_0;
    %cmp/e;
    %flag_get/vec4 4;
    %concat/vec4; draw_concat_vec4
    %assign/vec4 v0x7fc5fee25c90_0, 0;
    %jmp T_0.11;
T_0.8 ;
    %load/vec4 v0x7fc5fee25a70_0;
    %load/vec4 v0x7fc5fee25b20_0;
    %or;
    %assign/vec4 v0x7fc5fee25c90_0, 0;
    %jmp T_0.11;
T_0.9 ;
    %load/vec4 v0x7fc5fee25a70_0;
    %load/vec4 v0x7fc5fee25b20_0;
    %xor;
    %assign/vec4 v0x7fc5fee25c90_0, 0;
    %jmp T_0.11;
T_0.10 ;
    %load/vec4 v0x7fc5fee25a70_0;
    %load/vec4 v0x7fc5fee25b20_0;
    %and;
    %assign/vec4 v0x7fc5fee25c90_0, 0;
    %jmp T_0.11;
T_0.11 ;
    %pop/vec4 1;
    %jmp T_0;
    .thread T_0, $push;
    .scope S_0x7fc5fee07fb0;
T_1 ;
    %wait E_0x7fc5fee0f8b0;
    %load/vec4 v0x7fc5fee27840_0;
    %assign/vec4 v0x7fc5fee278f0_0, 0;
    %load/vec4 v0x7fc5fee276f0_0;
    %assign/vec4 v0x7fc5fee27790_0, 0;
    %load/vec4 v0x7fc5fee27ba0_0;
    %load/vec4 v0x7fc5fee27af0_0;
    %cmp/e;
    %jmp/0xz  T_1.0, 4;
    %pushi/vec4 0, 0, 1;
    %assign/vec4 v0x7fc5fee28320_0, 0;
    %pushi/vec4 0, 0, 32;
    %assign/vec4 v0x7fc5fee27af0_0, 0;
T_1.0 ;
    %jmp T_1;
    .thread T_1;
    .scope S_0x7fc5fee07fb0;
T_2 ;
    %wait E_0x7fc5fee0f8b0;
    %load/vec4 v0x7fc5fee28320_0;
    %inv;
    %load/vec4 v0x7fc5fee26e30_0;
    %or;
    %flag_set/vec4 8;
    %jmp/0xz  T_2.0, 8;
    %load/vec4 v0x7fc5fee27840_0;
    %dup/vec4;
    %pushi/vec4 0, 0, 4;
    %cmp/u;
    %jmp/1 T_2.2, 6;
    %dup/vec4;
    %pushi/vec4 2, 0, 4;
    %cmp/u;
    %jmp/1 T_2.3, 6;
    %dup/vec4;
    %pushi/vec4 3, 0, 4;
    %cmp/u;
    %jmp/1 T_2.4, 6;
    %dup/vec4;
    %pushi/vec4 1, 0, 4;
    %cmp/u;
    %jmp/1 T_2.5, 6;
    %dup/vec4;
    %pushi/vec4 4, 0, 4;
    %cmp/u;
    %jmp/1 T_2.6, 6;
    %jmp T_2.7;
T_2.2 ;
    %pushi/vec4 0, 0, 1;
    %assign/vec4 v0x7fc5fee27d00_0, 0;
    %load/vec4 v0x7fc5fee276f0_0;
    %dup/vec4;
    %pushi/vec4 2, 0, 4;
    %cmp/u;
    %jmp/1 T_2.8, 6;
    %dup/vec4;
    %pushi/vec4 0, 0, 4;
    %cmp/u;
    %jmp/1 T_2.9, 6;
    %dup/vec4;
    %pushi/vec4 1, 0, 4;
    %cmp/u;
    %jmp/1 T_2.10, 6;
    %dup/vec4;
    %pushi/vec4 3, 0, 4;
    %cmp/u;
    %jmp/1 T_2.11, 6;
    %jmp T_2.12;
T_2.8 ;
    %load/vec4 v0x7fc5fee28260_0;
    %assign/vec4 v0x7fc5fee27a40_0, 0;
    %load/vec4 v0x7fc5fee28260_0;
    %assign/vec4 v0x7fc5fee26990_0, 0;
    %load/vec4 v0x7fc5fee27320_0;
    %assign/vec4 v0x7fc5fee273d0_0, 0;
    %jmp T_2.12;
T_2.9 ;
    %load/vec4 v0x7fc5fee27660_0;
    %assign/vec4 v0x7fc5fee27a40_0, 0;
    %load/vec4 v0x7fc5fee28260_0;
    %assign/vec4 v0x7fc5fee26990_0, 0;
    %load/vec4 v0x7fc5fee27320_0;
    %assign/vec4 v0x7fc5fee273d0_0, 0;
    %jmp T_2.12;
T_2.10 ;
    %load/vec4 v0x7fc5fee27320_0;
    %assign/vec4 v0x7fc5fee273d0_0, 0;
    %load/vec4 v0x7fc5fee27280_0;
    %flag_set/vec4 8;
    %jmp/0 T_2.13, 8;
    %load/vec4 v0x7fc5fee26da0_0;
    %jmp/1 T_2.14, 8;
T_2.13 ; End of true expr.
    %pushi/vec4 0, 0, 32;
    %jmp/0 T_2.14, 8;
 ; End of false expr.
    %blend;
T_2.14;
    %assign/vec4 v0x7fc5fee26990_0, 0;
    %load/vec4 v0x7fc5fee27280_0;
    %flag_set/vec4 8;
    %jmp/0 T_2.15, 8;
    %load/vec4 v0x7fc5fee26da0_0;
    %jmp/1 T_2.16, 8;
T_2.15 ; End of true expr.
    %pushi/vec4 0, 0, 32;
    %jmp/0 T_2.16, 8;
 ; End of false expr.
    %blend;
T_2.16;
    %assign/vec4 v0x7fc5fee27a40_0, 0;
    %jmp T_2.12;
T_2.11 ;
    %load/vec4 v0x7fc5fee28260_0;
    %assign/vec4 v0x7fc5fee27a40_0, 0;
    %load/vec4 v0x7fc5fee28260_0;
    %assign/vec4 v0x7fc5fee26990_0, 0;
    %load/vec4 v0x7fc5fee27320_0;
    %assign/vec4 v0x7fc5fee273d0_0, 0;
    %jmp T_2.12;
T_2.12 ;
    %pop/vec4 1;
    %jmp T_2.7;
T_2.3 ;
    %pushi/vec4 0, 0, 1;
    %assign/vec4 v0x7fc5fee27d00_0, 0;
    %load/vec4 v0x7fc5fee28260_0;
    %assign/vec4 v0x7fc5fee27a40_0, 0;
    %pushi/vec4 0, 0, 5;
    %assign/vec4 v0x7fc5fee273d0_0, 0;
    %pushi/vec4 0, 0, 32;
    %assign/vec4 v0x7fc5fee26990_0, 0;
    %jmp T_2.7;
T_2.4 ;
    %pushi/vec4 0, 0, 1;
    %assign/vec4 v0x7fc5fee27d00_0, 0;
    %load/vec4 v0x7fc5fee28260_0;
    %assign/vec4 v0x7fc5fee27a40_0, 0;
    %pushi/vec4 0, 0, 5;
    %assign/vec4 v0x7fc5fee273d0_0, 0;
    %pushi/vec4 0, 0, 32;
    %assign/vec4 v0x7fc5fee26990_0, 0;
    %load/vec4 v0x7fc5fee28060_0;
    %assign/vec4 v0x7fc5fee28110_0, 0;
    %jmp T_2.7;
T_2.5 ;
    %pushi/vec4 1, 0, 1;
    %assign/vec4 v0x7fc5fee279a0_0, 0;
    %load/vec4 v0x7fc5fee276f0_0;
    %dup/vec4;
    %pushi/vec4 0, 0, 4;
    %cmp/u;
    %jmp/1 T_2.17, 6;
    %dup/vec4;
    %pushi/vec4 1, 0, 4;
    %cmp/u;
    %jmp/1 T_2.18, 6;
    %dup/vec4;
    %pushi/vec4 2, 0, 4;
    %cmp/u;
    %jmp/1 T_2.19, 6;
    %dup/vec4;
    %pushi/vec4 3, 0, 4;
    %cmp/u;
    %jmp/1 T_2.20, 6;
    %dup/vec4;
    %pushi/vec4 4, 0, 4;
    %cmp/u;
    %jmp/1 T_2.21, 6;
    %jmp T_2.22;
T_2.17 ;
    %pushi/vec4 0, 0, 5;
    %assign/vec4 v0x7fc5fee273d0_0, 0;
    %pushi/vec4 0, 0, 32;
    %assign/vec4 v0x7fc5fee26990_0, 0;
    %load/vec4 v0x7fc5fee271e0_0;
    %flag_set/vec4 8;
    %jmp/0xz  T_2.23, 8;
    %load/vec4 v0x7fc5fee27660_0;
    %assign/vec4 v0x7fc5fee27c50_0, 0;
    %pushi/vec4 1, 0, 1;
    %assign/vec4 v0x7fc5fee27d00_0, 0;
    %load/vec4 v0x7fc5fee27660_0;
    %assign/vec4 v0x7fc5fee27af0_0, 0;
    %pushi/vec4 1, 0, 1;
    %assign/vec4 v0x7fc5fee28320_0, 0;
    %jmp T_2.24;
T_2.23 ;
    %pushi/vec4 0, 0, 1;
    %assign/vec4 v0x7fc5fee27d00_0, 0;
    %pushi/vec4 0, 0, 1;
    %assign/vec4 v0x7fc5fee28320_0, 0;
T_2.24 ;
    %jmp T_2.22;
T_2.18 ;
    %pushi/vec4 0, 0, 5;
    %assign/vec4 v0x7fc5fee273d0_0, 0;
    %pushi/vec4 0, 0, 32;
    %assign/vec4 v0x7fc5fee26990_0, 0;
    %load/vec4 v0x7fc5fee271e0_0;
    %inv;
    %flag_set/vec4 8;
    %jmp/0xz  T_2.25, 8;
    %load/vec4 v0x7fc5fee27660_0;
    %assign/vec4 v0x7fc5fee27c50_0, 0;
    %pushi/vec4 1, 0, 1;
    %assign/vec4 v0x7fc5fee27d00_0, 0;
    %load/vec4 v0x7fc5fee27660_0;
    %assign/vec4 v0x7fc5fee27af0_0, 0;
    %pushi/vec4 1, 0, 1;
    %assign/vec4 v0x7fc5fee28320_0, 0;
    %jmp T_2.26;
T_2.25 ;
    %pushi/vec4 0, 0, 1;
    %assign/vec4 v0x7fc5fee27d00_0, 0;
    %pushi/vec4 0, 0, 1;
    %assign/vec4 v0x7fc5fee28320_0, 0;
T_2.26 ;
    %jmp T_2.22;
T_2.19 ;
    %pushi/vec4 0, 0, 5;
    %assign/vec4 v0x7fc5fee273d0_0, 0;
    %pushi/vec4 0, 0, 32;
    %assign/vec4 v0x7fc5fee26990_0, 0;
    %load/vec4 v0x7fc5fee27280_0;
    %flag_set/vec4 8;
    %jmp/0xz  T_2.27, 8;
    %load/vec4 v0x7fc5fee27660_0;
    %assign/vec4 v0x7fc5fee27c50_0, 0;
    %pushi/vec4 1, 0, 1;
    %assign/vec4 v0x7fc5fee27d00_0, 0;
    %load/vec4 v0x7fc5fee27660_0;
    %assign/vec4 v0x7fc5fee27af0_0, 0;
    %pushi/vec4 1, 0, 1;
    %assign/vec4 v0x7fc5fee28320_0, 0;
    %jmp T_2.28;
T_2.27 ;
    %pushi/vec4 0, 0, 1;
    %assign/vec4 v0x7fc5fee27d00_0, 0;
    %pushi/vec4 0, 0, 1;
    %assign/vec4 v0x7fc5fee28320_0, 0;
T_2.28 ;
    %jmp T_2.22;
T_2.20 ;
    %pushi/vec4 0, 0, 5;
    %assign/vec4 v0x7fc5fee273d0_0, 0;
    %pushi/vec4 0, 0, 32;
    %assign/vec4 v0x7fc5fee26990_0, 0;
    %load/vec4 v0x7fc5fee27280_0;
    %inv;
    %flag_set/vec4 8;
    %jmp/0xz  T_2.29, 8;
    %load/vec4 v0x7fc5fee27660_0;
    %assign/vec4 v0x7fc5fee27c50_0, 0;
    %pushi/vec4 1, 0, 1;
    %assign/vec4 v0x7fc5fee27d00_0, 0;
    %load/vec4 v0x7fc5fee27660_0;
    %assign/vec4 v0x7fc5fee27af0_0, 0;
    %pushi/vec4 1, 0, 1;
    %assign/vec4 v0x7fc5fee28320_0, 0;
    %jmp T_2.30;
T_2.29 ;
    %pushi/vec4 0, 0, 1;
    %assign/vec4 v0x7fc5fee27d00_0, 0;
    %pushi/vec4 0, 0, 1;
    %assign/vec4 v0x7fc5fee28320_0, 0;
T_2.30 ;
    %jmp T_2.22;
T_2.21 ;
    %load/vec4 v0x7fc5fee27660_0;
    %assign/vec4 v0x7fc5fee27c50_0, 0;
    %pushi/vec4 1, 0, 1;
    %assign/vec4 v0x7fc5fee27d00_0, 0;
    %load/vec4 v0x7fc5fee27ba0_0;
    %addi 4, 0, 32;
    %assign/vec4 v0x7fc5fee27a40_0, 0;
    %load/vec4 v0x7fc5fee27320_0;
    %assign/vec4 v0x7fc5fee273d0_0, 0;
    %load/vec4 v0x7fc5fee27ba0_0;
    %addi 4, 0, 32;
    %assign/vec4 v0x7fc5fee26990_0, 0;
    %load/vec4 v0x7fc5fee27660_0;
    %assign/vec4 v0x7fc5fee27af0_0, 0;
    %pushi/vec4 1, 0, 1;
    %assign/vec4 v0x7fc5fee28320_0, 0;
    %jmp T_2.22;
T_2.22 ;
    %pop/vec4 1;
    %jmp T_2.7;
T_2.6 ;
    %pushi/vec4 1, 0, 1;
    %assign/vec4 v0x7fc5fee27d00_0, 0;
    %pushi/vec4 0, 0, 1;
    %assign/vec4 v0x7fc5fee279a0_0, 0;
    %load/vec4 v0x7fc5fee28260_0;
    %assign/vec4 v0x7fc5fee27c50_0, 0;
    %load/vec4 v0x7fc5fee27ba0_0;
    %addi 4, 0, 32;
    %assign/vec4 v0x7fc5fee27a40_0, 0;
    %load/vec4 v0x7fc5fee27320_0;
    %assign/vec4 v0x7fc5fee273d0_0, 0;
    %load/vec4 v0x7fc5fee27ba0_0;
    %addi 4, 0, 32;
    %assign/vec4 v0x7fc5fee26990_0, 0;
    %load/vec4 v0x7fc5fee27660_0;
    %assign/vec4 v0x7fc5fee27af0_0, 0;
    %pushi/vec4 1, 0, 1;
    %assign/vec4 v0x7fc5fee28320_0, 0;
    %jmp T_2.7;
T_2.7 ;
    %pop/vec4 1;
    %load/vec4 v0x7fc5fee27320_0;
    %assign/vec4 v0x7fc5fee27da0_0, 0;
T_2.0 ;
    %jmp T_2;
    .thread T_2;
# The file index is used to find the file name in the following table.
:file_names 4;
    "N/A";
    "<interactive>";
    "exec.v";
    "alu.v";
